# JRE version: Java(TM) SE Runtime Environment (8.0_191-b12) (build 1.8.0_191-b12)
# Java VM: Java HotSpot(TM) 64-Bit Server VM (25.191-b12 mixed mode windows-amd64 compressed oops)
Heap:
 PSYoungGen      total 212992K, used 68482K [0x00000000d6000000, 0x00000000e4780000, 0x0000000100000000)
  eden space 202752K, 28% used [0x00000000d6000000,0x00000000d9913058,0x00000000e2600000)
  from space 10240K, 98% used [0x00000000e3d80000,0x00000000e474db40,0x00000000e4780000)
  to   space 16896K, 0% used [0x00000000e2680000,0x00000000e2680000,0x00000000e3700000)
 ParOldGen       total 94720K, used 22549K [0x0000000082000000, 0x0000000087c80000, 0x00000000d6000000)
  object space 94720K, 23% used [0x0000000082000000,0x0000000083605558,0x0000000087c80000)
 Metaspace       used 47275K, capacity 47614K, committed 48128K, reserved 1091584K
  class space    used 5925K, capacity 6023K, committed 6144K, reserved 1048576K
GC Heap History (10 events):
Event: 3.604 GC heap before
{Heap before GC invocations=8 (full 1):
 PSYoungGen      total 114688K, used 114687K [0x00000000d6000000, 0x00000000df100000, 0x0000000100000000)
  eden space 105984K, 100% used [0x00000000d6000000,0x00000000dc780000,0x00000000dc780000)
  from space 8704K, 99% used [0x00000000de880000,0x00000000df0fffb0,0x00000000df100000)
  to   space 10240K, 0% used [0x00000000ddd00000,0x00000000ddd00000,0x00000000de700000)
 ParOldGen       total 55296K, used 7765K [0x0000000082000000, 0x0000000085600000, 0x00000000d6000000)
  object space 55296K, 14% used [0x0000000082000000,0x0000000082795470,0x0000000085600000)
 Metaspace       used 30219K, capacity 30574K, committed 30720K, reserved 1077248K
  class space    used 3724K, capacity 3834K, committed 3840K, reserved 1048576K
Event: 3.617 GC heap after
Heap after GC invocations=8 (full 1):
 PSYoungGen      total 138240K, used 10221K [0x00000000d6000000, 0x00000000e1d00000, 0x0000000100000000)
  eden space 128000K, 0% used [0x00000000d6000000,0x00000000d6000000,0x00000000ddd00000)
  from space 10240K, 99% used [0x00000000ddd00000,0x00000000de6fb548,0x00000000de700000)
  to   space 12800K, 0% used [0x00000000e1080000,0x00000000e1080000,0x00000000e1d00000)
 ParOldGen       total 55296K, used 10765K [0x0000000082000000, 0x0000000085600000, 0x00000000d6000000)
  object space 55296K, 19% used [0x0000000082000000,0x0000000082a83430,0x0000000085600000)
 Metaspace       used 30219K, capacity 30574K, committed 30720K, reserved 1077248K
  class space    used 3724K, capacity 3834K, committed 3840K, reserved 1048576K
}
Event: 4.051 GC heap before
{Heap before GC invocations=9 (full 1):
 PSYoungGen      total 138240K, used 48916K [0x00000000d6000000, 0x00000000e1d00000, 0x0000000100000000)
  eden space 128000K, 30% used [0x00000000d6000000,0x00000000d85c9df0,0x00000000ddd00000)
  from space 10240K, 99% used [0x00000000ddd00000,0x00000000de6fb548,0x00000000de700000)
  to   space 12800K, 0% used [0x00000000e1080000,0x00000000e1080000,0x00000000e1d00000)
 ParOldGen       total 55296K, used 10765K [0x0000000082000000, 0x0000000085600000, 0x00000000d6000000)
  object space 55296K, 19% used [0x0000000082000000,0x0000000082a83430,0x0000000085600000)
 Metaspace       used 34985K, capacity 35282K, committed 35456K, reserved 1081344K
  class space    used 4331K, capacity 4416K, committed 4480K, reserved 1048576K
Event: 4.064 GC heap after
Heap after GC invocations=9 (full 1):
 PSYoungGen      total 177664K, used 12792K [0x00000000d6000000, 0x00000000e4600000, 0x0000000100000000)
  eden space 164864K, 0% used [0x00000000d6000000,0x00000000d6000000,0x00000000e0100000)
  from space 12800K, 99% used [0x00000000e1080000,0x00000000e1cfe2c0,0x00000000e1d00000)
  to   space 15872K, 0% used [0x00000000e0100000,0x00000000e0100000,0x00000000e1080000)
 ParOldGen       total 55296K, used 14750K [0x0000000082000000, 0x0000000085600000, 0x00000000d6000000)
  object space 55296K, 26% used [0x0000000082000000,0x0000000082e67ba8,0x0000000085600000)
 Metaspace       used 34985K, capacity 35282K, committed 35456K, reserved 1081344K
  class space    used 4331K, capacity 4416K, committed 4480K, reserved 1048576K
}
Event: 4.064 GC heap before
{Heap before GC invocations=10 (full 2):
 PSYoungGen      total 177664K, used 12792K [0x00000000d6000000, 0x00000000e4600000, 0x0000000100000000)
  eden space 164864K, 0% used [0x00000000d6000000,0x00000000d6000000,0x00000000e0100000)
  from space 12800K, 99% used [0x00000000e1080000,0x00000000e1cfe2c0,0x00000000e1d00000)
  to   space 15872K, 0% used [0x00000000e0100000,0x00000000e0100000,0x00000000e1080000)
 ParOldGen       total 55296K, used 14750K [0x0000000082000000, 0x0000000085600000, 0x00000000d6000000)
  object space 55296K, 26% used [0x0000000082000000,0x0000000082e67ba8,0x0000000085600000)
 Metaspace       used 34985K, capacity 35282K, committed 35456K, reserved 1081344K
  class space    used 4331K, capacity 4416K, committed 4480K, reserved 1048576K
Event: 4.142 GC heap after
Heap after GC invocations=10 (full 2):
 PSYoungGen      total 177664K, used 0K [0x00000000d6000000, 0x00000000e4600000, 0x0000000100000000)
  eden space 164864K, 0% used [0x00000000d6000000,0x00000000d6000000,0x00000000e0100000)
  from space 12800K, 0% used [0x00000000e1080000,0x00000000e1080000,0x00000000e1d00000)
  to   space 15872K, 0% used [0x00000000e0100000,0x00000000e0100000,0x00000000e1080000)
 ParOldGen       total 94720K, used 22533K [0x0000000082000000, 0x0000000087c80000, 0x00000000d6000000)
  object space 94720K, 23% used [0x0000000082000000,0x0000000083601558,0x0000000087c80000)
 Metaspace       used 34985K, capacity 35282K, committed 35456K, reserved 1081344K
  class space    used 4331K, capacity 4416K, committed 4480K, reserved 1048576K
}
Event: 5.649 GC heap before
{Heap before GC invocations=11 (full 2):
 PSYoungGen      total 177664K, used 164864K [0x00000000d6000000, 0x00000000e4600000, 0x0000000100000000)
  eden space 164864K, 100% used [0x00000000d6000000,0x00000000e0100000,0x00000000e0100000)
  from space 12800K, 0% used [0x00000000e1080000,0x00000000e1080000,0x00000000e1d00000)
  to   space 15872K, 0% used [0x00000000e0100000,0x00000000e0100000,0x00000000e1080000)
 ParOldGen       total 94720K, used 22533K [0x0000000082000000, 0x0000000087c80000, 0x00000000d6000000)
  object space 94720K, 23% used [0x0000000082000000,0x0000000083601558,0x0000000087c80000)
 Metaspace       used 43975K, capacity 44272K, committed 44544K, reserved 1087488K
  class space    used 5670K, capacity 5765K, committed 5888K, reserved 1048576K
Event: 5.662 GC heap after
Heap after GC invocations=11 (full 2):
 PSYoungGen      total 180736K, used 14634K [0x00000000d6000000, 0x00000000e4e80000, 0x0000000100000000)
  eden space 164864K, 0% used [0x00000000d6000000,0x00000000d6000000,0x00000000e0100000)
  from space 15872K, 92% used [0x00000000e0100000,0x00000000e0f4abe0,0x00000000e1080000)
  to   space 17408K, 0% used [0x00000000e3d80000,0x00000000e3d80000,0x00000000e4e80000)
 ParOldGen       total 94720K, used 22541K [0x0000000082000000, 0x0000000087c80000, 0x00000000d6000000)
  object space 94720K, 23% used [0x0000000082000000,0x0000000083603558,0x0000000087c80000)
 Metaspace       used 43975K, capacity 44272K, committed 44544K, reserved 1087488K
  class space    used 5670K, capacity 5765K, committed 5888K, reserved 1048576K
}
Event: 34.377 GC heap before
{Heap before GC invocations=12 (full 2):
 PSYoungGen      total 180736K, used 179498K [0x00000000d6000000, 0x00000000e4e80000, 0x0000000100000000)
  eden space 164864K, 100% used [0x00000000d6000000,0x00000000e0100000,0x00000000e0100000)
  from space 15872K, 92% used [0x00000000e0100000,0x00000000e0f4abe0,0x00000000e1080000)
  to   space 17408K, 0% used [0x00000000e3d80000,0x00000000e3d80000,0x00000000e4e80000)
 ParOldGen       total 94720K, used 22541K [0x0000000082000000, 0x0000000087c80000, 0x00000000d6000000)
  object space 94720K, 23% used [0x0000000082000000,0x0000000083603558,0x0000000087c80000)
 Metaspace       used 47182K, capacity 47540K, committed 47872K, reserved 1091584K
  class space    used 5925K, capacity 6023K, committed 6144K, reserved 1048576K
Event: 34.388 GC heap after
Heap after GC invocations=12 (full 2):
 PSYoungGen      total 212992K, used 10038K [0x00000000d6000000, 0x00000000e4780000, 0x0000000100000000)
  eden space 202752K, 0% used [0x00000000d6000000,0x00000000d6000000,0x00000000e2600000)
  from space 10240K, 98% used [0x00000000e3d80000,0x00000000e474db40,0x00000000e4780000)
  to   space 16896K, 0% used [0x00000000e2680000,0x00000000e2680000,0x00000000e3700000)
 ParOldGen       total 94720K, used 22549K [0x0000000082000000, 0x0000000087c80000, 0x00000000d6000000)
  object space 94720K, 23% used [0x0000000082000000,0x0000000083605558,0x0000000087c80000)
 Metaspace       used 47182K, capacity 47540K, committed 47872K, reserved 1091584K
  class space    used 5925K, capacity 6023K, committed 6144K, reserved 1048576K
}

